{"name": "test_loginCorrectCreds", "status": "failed", "statusDetails": {"message": "AssertionError: assert 500 == 201\n +  where 500 = <Response [500]>.status_code", "trace": "@pytest.fixture\n    def reg_user():\n        payload=getPayloadDict_RegAPI(eMail,password)\n        regurl=baseURL+regUrlPath\n        reg_response=postApiData(regurl, payload)\n>       assert reg_response.status_code==201\nE       assert 500 == 201\nE        +  where 500 = <Response [500]>.status_code\n\nAPI_Tests/test_setupteardown.py:21: AssertionError"}, "attachments": [{"name": "stdout", "source": "bf8e5274-7ffd-4bda-a5c6-785307ff17f6-attachment.txt", "type": "text/plain"}], "start": 1753297834280, "stop": 1753297834280, "uuid": "c493b982-77e4-4ac2-b2f9-823ff45f8c31", "historyId": "94b2e0c39c3ba47b6ddf3589cab2713f", "testCaseId": "94b2e0c39c3ba47b6ddf3589cab2713f", "fullName": "API_Tests.test_setupteardown#test_loginCorrectCreds", "labels": [{"name": "parentSuite", "value": "API_Tests"}, {"name": "suite", "value": "test_setupteardown"}, {"name": "host", "value": "Nehas-MacBook-Air.local"}, {"name": "thread", "value": "34591-MainThread"}, {"name": "framework", "value": "pytest"}, {"name": "language", "value": "cpython3"}, {"name": "package", "value": "API_Tests.test_setupteardown"}], "titlePath": ["API_Tests", "test_setupteardown.py"]}